<?xml version="1.0" encoding="UTF-8"?>
<testng-results skipped="0" failed="0" ignored="1" total="2" passed="1">
  <reporter-output>
  </reporter-output>
  <suite name="Default suite" duration-ms="21192" started-at="2018-10-04T16:54:20Z" finished-at="2018-10-04T16:54:41Z">
    <groups>
    </groups>
    <test name="Default test" duration-ms="21192" started-at="2018-10-04T16:54:20Z" finished-at="2018-10-04T16:54:41Z">
      <class name="com.socprime.TestTask.BookingTest">
        <test-method status="PASS" signature="setUp()[pri:0, instance:com.socprime.TestTask.BookingTest@1e88b3c]" name="setUp" is-config="true" duration-ms="5529" started-at="2018-10-04T16:54:20Z" finished-at="2018-10-04T16:54:26Z">
          <reporter-output>
          </reporter-output>
        </test-method> <!-- setUp -->
        <test-method status="PASS" signature="searchHotelsInNewYork()[pri:0, instance:com.socprime.TestTask.BookingTest@1e88b3c]" name="searchHotelsInNewYork" duration-ms="14060" started-at="2018-10-04T16:54:26Z" finished-at="2018-10-04T16:54:40Z">
          <reporter-output>
          </reporter-output>
        </test-method> <!-- searchHotelsInNewYork -->
        <test-method status="PASS" signature="shutDown()[pri:0, instance:com.socprime.TestTask.BookingTest@1e88b3c]" name="shutDown" is-config="true" duration-ms="1577" started-at="2018-10-04T16:54:40Z" finished-at="2018-10-04T16:54:41Z">
          <reporter-output>
          </reporter-output>
        </test-method> <!-- shutDown -->
      </class> <!-- com.socprime.TestTask.BookingTest -->
    </test> <!-- Default test -->
  </suite> <!-- Default suite -->
</testng-results>
