<?xml version="1.0" encoding="UTF-8"?>
<!-- Generated by org.testng.reporters.JUnitXMLReporter -->
<testsuite hostname="babiychuk-t" ignored="1" name="Default test" tests="1" failures="0" timestamp="04 жовт. 2018 16:45:56 GMT" time="12.314" errors="0">
  <testcase name="notValidAuth" time="6.282" classname="com.socprime.TestTask.BookingTest"/>
  <testcase name="searchHotelsInNewYork" time="0.0" classname="com.socprime.TestTask.BookingTest">
    <ignored/>
  </testcase> <!-- searchHotelsInNewYork -->
</testsuite> <!-- Default test -->
