<?xml version="1.0" encoding="UTF-8"?>
<!-- Generated by org.testng.reporters.JUnitXMLReporter -->
<testsuite hostname="babiychuk-t" ignored="1" name="Default test" tests="1" failures="0" timestamp="04 жовт. 2018 16:54:41 GMT" time="21.192" errors="0">
  <testcase name="searchHotelsInNewYork" time="14.06" classname="com.socprime.TestTask.BookingTest"/>
  <testcase name="notValidAuth" time="0.0" classname="com.socprime.TestTask.BookingTest">
    <ignored/>
  </testcase> <!-- notValidAuth -->
</testsuite> <!-- Default test -->
